#
# There is insufficient memory for the Java Runtime Environment to continue.
# Native memory allocation (malloc) failed to allocate 1048576 bytes for AllocateHeap
# Possible reasons:
#   The system is out of physical RAM or swap space
#   In 32 bit mode, the process size limit was hit
# Possible solutions:
#   Reduce memory load on the system
#   Increase physical memory or swap space
#   Check if swap backing store is full
#   Use 64 bit Java on a 64 bit OS
#   Decrease Java heap size (-Xmx/-Xms)
#   Decrease number of Java threads
#   Decrease Java thread stack sizes (-Xss)
#   Set larger code cache with -XX:ReservedCodeCacheSize=
# This output file may be truncated or incomplete.
#
#  Out of Memory Error (memory/allocation.inline.hpp:61), pid=5776, tid=3144
#
# JRE version:  (8.0_73-b02) (build )
# Java VM: Java HotSpot(TM) 64-Bit Server VM (25.73-b02 mixed mode windows-amd64 compressed oops)
# Failed to write core dump. Minidumps are not enabled by default on client versions of Windows
#

---------------  T H R E A D  ---------------

Current thread (0x00000000020f0800):  JavaThread "Unknown thread" [_thread_in_vm, id=3144, stack(0x0000000001fd0000,0x00000000020d0000)]

Stack: [0x0000000001fd0000,0x00000000020d0000]
[error occurred during error reporting (printing stack bounds), id 0xc0000005]

Native frames: (J=compiled Java code, j=interpreted, Vv=VM code, C=native code)


---------------  P R O C E S S  ---------------

Java Threads: ( => current thread )

Other Threads:

=>0x00000000020f0800 (exited) JavaThread "Unknown thread" [_thread_in_vm, id=3144, stack(0x0000000001fd0000,0x00000000020d0000)]

VM state:not at safepoint (normal execution)

VM Mutex/Monitor currently owned by a thread: None

Heap:
 PSYoungGen      total 38400K, used 665K [0x00000000eab00000, 0x00000000ed580000, 0x0000000100000000)
  eden space 33280K, 2% used [0x00000000eab00000,0x00000000eaba6670,0x00000000ecb80000)
  from space 5120K, 0% used [0x00000000ed080000,0x00000000ed080000,0x00000000ed580000)
  to   space 5120K, 0% used [0x00000000ecb80000,0x00000000ecb80000,0x00000000ed080000)
 ParOldGen       total 87552K, used 0K [0x00000000c0000000, 0x00000000c5580000, 0x00000000eab00000)
  object space 87552K, 0% used [0x00000000c0000000,0x00000000c0000000,0x00000000c5580000)
 Metaspace       used 769K, capacity 4480K, committed 4480K, reserved 1056768K
  class space    used 75K, capacity 384K, committed 384K, reserved 1048576K

Card table byte_map: [0x00000000116b0000,0x00000000118c0000] byte_map_base: 0x00000000110b0000

Marking Bits: (ParMarkBitMap*) 0x0000000076c10600
 Begin Bits: [0x0000000011e20000, 0x0000000012e20000)
 End Bits:   [0x0000000012e20000, 0x0000000013e20000)

Polling page: 0x0000000000710000

CodeCache: size=245760Kb used=328Kb max_used=328Kb free=245431Kb
 bounds [0x00000000022f0000, 0x0000000002560000, 0x00000000112f0000]
 total_blobs=57 nmethods=0 adapters=37
 compilation: enabled

Compilation events (0 events):
No events

GC Heap History (0 events):
No events

Deoptimization events (0 events):
No events

Internal exceptions (0 events):
No events

Events (10 events):
Event: 0.029 loading class java/lang/Short
Event: 0.029 loading class java/lang/Short done
Event: 0.029 loading class java/lang/Integer
Event: 0.029 loading class java/lang/Integer done
Event: 0.029 loading class java/lang/Long
Event: 0.029 loading class java/lang/Long done
Event: 0.030 loading class java/lang/NullPointerException
Event: 0.030 loading class java/lang/NullPointerException done
Event: 0.030 loading class java/lang/ArithmeticException
Event: 0.030 loading class java/lang/ArithmeticException done


Dynamic libraries:
0x00007ff7bc730000 - 0x00007ff7bc767000 	C:\Program Files\Java\jdk1.8.0_73\bin\java.exe
0x00007ffc3e0e0000 - 0x00007ffc3e2a1000 	C:\WINDOWS\SYSTEM32\ntdll.dll
0x00007ffc3b5d0000 - 0x00007ffc3b67d000 	C:\WINDOWS\system32\KERNEL32.DLL
0x00007ffc3afe0000 - 0x00007ffc3b1c8000 	C:\WINDOWS\system32\KERNELBASE.dll
0x00007ffc3b520000 - 0x00007ffc3b5c7000 	C:\WINDOWS\system32\ADVAPI32.dll
0x00007ffc3d6a0000 - 0x00007ffc3d73d000 	C:\WINDOWS\system32\msvcrt.dll
0x00007ffc3b6a0000 - 0x00007ffc3b6fb000 	C:\WINDOWS\system32\sechost.dll
0x00007ffc3dd40000 - 0x00007ffc3de5c000 	C:\WINDOWS\system32\RPCRT4.dll
0x00007ffc3d540000 - 0x00007ffc3d696000 	C:\WINDOWS\system32\USER32.dll
0x00007ffc3d350000 - 0x00007ffc3d4d6000 	C:\WINDOWS\system32\GDI32.dll
0x00007ffc30310000 - 0x00007ffc30584000 	C:\WINDOWS\WinSxS\amd64_microsoft.windows.common-controls_6595b64144ccf1df_6.0.10586.0_none_8c15ae12515e1c22\COMCTL32.dll
0x00007ffc3de60000 - 0x00007ffc3e0dd000 	C:\WINDOWS\system32\combase.dll
0x00007ffc3b230000 - 0x00007ffc3b29a000 	C:\WINDOWS\system32\bcryptPrimitives.dll
0x00007ffc3b4e0000 - 0x00007ffc3b51b000 	C:\WINDOWS\system32\IMM32.DLL
0x0000000076320000 - 0x00000000763f2000 	C:\Program Files\Java\jdk1.8.0_73\jre\bin\msvcr100.dll
0x0000000076400000 - 0x0000000076c90000 	C:\Program Files\Java\jdk1.8.0_73\jre\bin\server\jvm.dll
0x00007ffc3d050000 - 0x00007ffc3d058000 	C:\WINDOWS\system32\PSAPI.DLL
0x00007ffc320d0000 - 0x00007ffc320d9000 	C:\WINDOWS\SYSTEM32\WSOCK32.dll
0x00007ffc3cfe0000 - 0x00007ffc3d04b000 	C:\WINDOWS\system32\WS2_32.dll
0x00007ffc38870000 - 0x00007ffc38893000 	C:\WINDOWS\SYSTEM32\WINMM.dll
0x00007ffc314b0000 - 0x00007ffc314ba000 	C:\WINDOWS\SYSTEM32\VERSION.dll
0x00007ffc38430000 - 0x00007ffc3845c000 	C:\WINDOWS\SYSTEM32\WINMMBASE.dll
0x00007ffc3b490000 - 0x00007ffc3b4d3000 	C:\WINDOWS\system32\cfgmgr32.dll
0x0000000076310000 - 0x000000007631f000 	C:\Program Files\Java\jdk1.8.0_73\jre\bin\verify.dll
0x00000000762e0000 - 0x0000000076309000 	C:\Program Files\Java\jdk1.8.0_73\jre\bin\java.dll
0x00000000762c0000 - 0x00000000762d6000 	C:\Program Files\Java\jdk1.8.0_73\jre\bin\zip.dll

VM Arguments:
jvm_args: -Djava.awt.headless=true -Xmx1024M -Dfile.encoding=windows-1251 -Duser.country=RU -Duser.language=ru -Duser.variant 
java_command: com.android.dx.command.Main --dex --num-threads=4 --output E:\Void\Android\Projects\Binary Calculator\app\build\intermediates\pre-dexed\debug\internal_impl-23.2.0_ad639aecedc89a1e8a105857ca8957255980d8ec.jar E:\Void\Android\Projects\Binary Calculator\app\build\intermediates\exploded-aar\com.android.support\support-v4\23.2.0\jars\libs\internal_impl-23.2.0.jar
java_class_path (initial): E:\Users\Rodio\AppData\Local\Android\sdk\build-tools\23.0.2\lib\dx.jar
Launcher Type: SUN_STANDARD

Environment Variables:
PATH=C:\ProgramData\Oracle\Java\javapath;C:\WINDOWS\system32;C:\WINDOWS;C:\WINDOWS\System32\Wbem;C:\WINDOWS\System32\WindowsPowerShell\v1.0\;E:\Program Files\Skype\Phone\;C:\Program Files\Java\jdk1.8.0_73\bin;E:\Program Files\Git\cmd;C:\Program Files\Java\jdk1.8.0_73\bin
USERNAME=Rodio
OS=Windows_NT
PROCESSOR_IDENTIFIER=Intel64 Family 6 Model 58 Stepping 9, GenuineIntel



---------------  S Y S T E M  ---------------

OS: Windows 10.0 , 64 bit Build 10586 (10.0.10586.0)

CPU:total 4 (2 cores per cpu, 2 threads per core) family 6 model 58 stepping 9, cmov, cx8, fxsr, mmx, sse, sse2, sse3, ssse3, sse4.1, sse4.2, popcnt, avx, aes, clmul, erms, ht, tsc, tscinvbit, tscinv

Memory: 4k page, physical 8271368k(1349404k free), swap 10368520k(6356k free)

vm_info: Java HotSpot(TM) 64-Bit Server VM (25.73-b02) for windows-amd64 JRE (1.8.0_73-b02), built on Jan 29 2016 17:38:49 by "java_re" with MS VC++ 10.0 (VS2010)

time: Sat Mar 26 13:00:16 2016
elapsed time: 0 seconds (0d 0h 0m 0s)

